<?xml version="1.0" encoding="UTF-8"?>
<!-- Generated by org.testng.reporters.JUnitReportReporter -->
<testsuite hostname="Moes-MacBook-Pro.local" failures="0" tests="9" name="vodafonetask.selectblouses" time="24.337" errors="0" timestamp="2022-02-17T17:28:53 EET" skipped="0">
  <testcase classname="vodafonetask.selectblouses" name="blousesubcategory" time="2.946"/>
  <system-out/>
  <testcase classname="vodafonetask.selectblouses" name="add2cart" time="1.702"/>
  <system-out/>
  <testcase classname="vodafonetask.selectblouses" name="checkoutprocrss" time="4.632"/>
  <system-out/>
  <testcase classname="vodafonetask.selectblouses" name="signinfromcart" time="3.347"/>
  <system-out/>
  <testcase classname="vodafonetask.selectblouses" name="processaddressfunction" time="3.119"/>
  <system-out/>
  <testcase classname="vodafonetask.selectblouses" name="processonshipping" time="2.400"/>
  <system-out/>
  <testcase classname="vodafonetask.selectblouses" name="processbybankwire" time="1.378"/>
  <system-out/>
  <testcase classname="vodafonetask.selectblouses" name="confirmmyorder" time="3.235"/>
  <system-out/>
  <testcase classname="vodafonetask.selectblouses" name="validateorder" time="1.578"/>
  <system-out/>
</testsuite> <!-- vodafonetask.selectblouses -->
