<?xml version="1.0" encoding="UTF-8"?>
<!-- Generated by org.testng.reporters.JUnitReportReporter -->
<testsuite hostname="Moes-MacBook-Pro.local" failures="0" tests="8" name="vodafonetask.selectblousesandcheckout" time="33.564" errors="0" timestamp="2022-02-17T17:35:01 EET" skipped="0">
  <testcase classname="vodafonetask.selectblousesandcheckout" name="blousesubcategory" time="4.552"/>
  <system-out/>
  <testcase classname="vodafonetask.selectblousesandcheckout" name="add2cart" time="2.049"/>
  <system-out/>
  <testcase classname="vodafonetask.selectblousesandcheckout" name="checkoutprocrss" time="9.849"/>
  <system-out/>
  <testcase classname="vodafonetask.selectblousesandcheckout" name="processaddressfunction" time="3.907"/>
  <system-out/>
  <testcase classname="vodafonetask.selectblousesandcheckout" name="processonshipping" time="3.557"/>
  <system-out/>
  <testcase classname="vodafonetask.selectblousesandcheckout" name="processbybankwire" time="2.107"/>
  <system-out/>
  <testcase classname="vodafonetask.selectblousesandcheckout" name="confirmmyorder" time="3.145"/>
  <system-out/>
  <testcase classname="vodafonetask.selectblousesandcheckout" name="validateorder" time="4.398"/>
  <system-out/>
</testsuite> <!-- vodafonetask.selectblousesandcheckout -->
